c:\users\lera1\onedrive\рабочий стол\6 семестр\спо\spo_pr2\consoleapplication1\x64\debug\vc142.pdb
c:\users\lera1\onedrive\рабочий стол\6 семестр\спо\spo_pr2\consoleapplication1\x64\debug\vc142.idb
c:\users\lera1\onedrive\рабочий стол\6 семестр\спо\spo_pr2\consoleapplication1\x64\debug\consoleapplication1.obj
c:\users\lera1\onedrive\рабочий стол\готовое спо\практика_2\прога\consoleapplication1\x64\debug\vc142.pdb
c:\users\lera1\onedrive\рабочий стол\готовое спо\практика_2\прога\consoleapplication1\x64\debug\vc142.idb
c:\users\lera1\onedrive\рабочий стол\готовое спо\практика_2\прога\consoleapplication1\x64\debug\consoleapplication1.obj
c:\users\lera1\onedrive\рабочий стол\6 семестр\спо\spo_pr2\x64\debug\consoleapplication1.ilk
c:\users\lera1\onedrive\рабочий стол\6 семестр\спо\spo_pr2\x64\debug\consoleapplication1.exe
c:\users\lera1\onedrive\рабочий стол\6 семестр\спо\spo_pr2\x64\debug\consoleapplication1.pdb
c:\users\lera1\onedrive\рабочий стол\готовое спо\практика_2\прога\x64\debug\consoleapplication1.exe
c:\users\lera1\onedrive\рабочий стол\готовое спо\практика_2\прога\x64\debug\consoleapplication1.ilk
c:\users\lera1\onedrive\рабочий стол\готовое спо\практика_2\прога\x64\debug\consoleapplication1.pdb
c:\users\gogen\documents\6 сем\спо\2\à®£\consoleapplication1\x64\debug\consoleapplication1.obj
c:\users\gogen\documents\6 сем\спо\2\à®£\consoleapplication1\x64\debug\vc142.idb
c:\users\gogen\documents\6 сем\спо\2\à®£\consoleapplication1\x64\debug\vc142.pdb
c:\users\gogen\documents\6 сем\спо\2\à®£\x64\debug\consoleapplication1.pdb
c:\users\gogen\documents\6 сем\спо\2\à®£\x64\debug\consoleapplication1.exe
c:\users\gogen\documents\6 сем\спо\2\à®£\x64\debug\consoleapplication1.ilk
c:\users\gogen\documents\6 сем\спо\2\à®£\consoleapplication1\x64\debug\consolea.cfb0be8f.tlog\cl.command.1.tlog
c:\users\gogen\documents\6 сем\спо\2\à®£\consoleapplication1\x64\debug\consolea.cfb0be8f.tlog\cl.read.1.tlog
c:\users\gogen\documents\6 сем\спо\2\à®£\consoleapplication1\x64\debug\consolea.cfb0be8f.tlog\cl.write.1.tlog
c:\users\gogen\documents\6 сем\спо\2\à®£\consoleapplication1\x64\debug\consolea.cfb0be8f.tlog\link.command.1.tlog
c:\users\gogen\documents\6 сем\спо\2\à®£\consoleapplication1\x64\debug\consolea.cfb0be8f.tlog\link.read.1.tlog
c:\users\gogen\documents\6 сем\спо\2\à®£\consoleapplication1\x64\debug\consolea.cfb0be8f.tlog\link.write.1.tlog
